<?xml version="1.0" encoding="UTF-8"?>
<!-- Generated by org.testng.reporters.JUnitReportReporter -->
<testsuite skipped="0" hostname="ip-172-31-18-198" name="springBootApp.PostNewEmployee" tests="1" failures="0" timestamp="08 Jul 2023 06:37:45 GMT" time="1.699" errors="0">
  <testcase name="test1" time="1.699" classname="springBootApp.PostNewEmployee"/>
</testsuite> <!-- springBootApp.PostNewEmployee -->
