<?xml version="1.0" encoding="UTF-8"?>
<!-- Generated by org.testng.reporters.JUnitReportReporter -->
<testsuite skipped="0" hostname="ip-172-31-18-198" name="restAPI.PutRequest" tests="1" failures="0" timestamp="09 Jul 2023 04:46:38 GMT" time="1.357" errors="0">
  <testcase name="test1" time="1.357" classname="restAPI.PutRequest"/>
</testsuite> <!-- restAPI.PutRequest -->
