<?xml version="1.0" encoding="UTF-8"?>
<!-- Generated by org.testng.reporters.JUnitReportReporter -->
<testsuite skipped="0" hostname="ip-172-31-18-198" name="RestAPIBDD.PostRequestBDD" tests="1" failures="0" timestamp="09 Jul 2023 04:43:24 GMT" time="1.238" errors="0">
  <testcase name="test1" time="1.238" classname="RestAPIBDD.PostRequestBDD"/>
</testsuite> <!-- RestAPIBDD.PostRequestBDD -->
