<?xml version="1.0" encoding="UTF-8"?>
<!-- Generated by org.testng.reporters.JUnitReportReporter -->
<testsuite skipped="0" hostname="ip-172-31-18-198" name="GitHub.CreateRepo" tests="1" failures="0" timestamp="08 Jul 2023 06:59:22 GMT" time="2.252" errors="0">
  <testcase name="test1" time="2.252" classname="GitHub.CreateRepo"/>
</testsuite> <!-- GitHub.CreateRepo -->
