<?xml version="1.0" encoding="UTF-8"?>
<!-- Generated by org.testng.reporters.JUnitReportReporter -->
<testsuite skipped="0" hostname="ip-172-31-18-198" name="restAPI.GetRequestWithParam" tests="1" failures="0" timestamp="02 Jul 2023 07:13:37 GMT" time="1.834" errors="0">
  <testcase name="test1" time="1.834" classname="restAPI.GetRequestWithParam"/>
</testsuite> <!-- restAPI.GetRequestWithParam -->
