<?xml version="1.0" encoding="UTF-8"?>
<!-- Generated by org.testng.reporters.JUnitReportReporter -->
<testsuite skipped="0" hostname="ip-172-31-18-198" name="springBootApp.GetAllEmployees" tests="1" failures="0" timestamp="08 Jul 2023 07:13:04 GMT" time="1.798" errors="0">
  <testcase name="test1" time="1.798" classname="springBootApp.GetAllEmployees"/>
</testsuite> <!-- springBootApp.GetAllEmployees -->
