<?xml version="1.0" encoding="UTF-8"?>
<!-- Generated by org.testng.reporters.JUnitReportReporter -->
<testsuite skipped="0" hostname="ip-172-31-18-198" name="restAPI.PostRequestWithFile" tests="1" failures="0" timestamp="08 Jul 2023 05:19:31 GMT" time="1.378" errors="0">
  <testcase name="test1" time="1.378" classname="restAPI.PostRequestWithFile"/>
</testsuite> <!-- restAPI.PostRequestWithFile -->
