<?xml version="1.0" encoding="UTF-8"?>
<!-- Generated by org.testng.reporters.JUnitReportReporter -->
<testsuite skipped="0" hostname="ip-172-31-18-198" name="restAPIXML.XMLTest" tests="2" failures="0" timestamp="09 Jul 2023 06:04:34 GMT" time="3.058" errors="0">
  <testcase name="test2" time="1.175" classname="restAPIXML.XMLTest"/>
  <testcase name="test1" time="1.883" classname="restAPIXML.XMLTest"/>
</testsuite> <!-- restAPIXML.XMLTest -->
