<?xml version="1.0" encoding="UTF-8"?>
<!-- Generated by org.testng.reporters.JUnitReportReporter -->
<testsuite skipped="0" hostname="ip-172-31-18-198" name="restAPI.PostRequestWithJSONObject" tests="1" failures="0" timestamp="08 Jul 2023 04:58:18 GMT" time="1.306" errors="0">
  <testcase name="test1" time="1.306" classname="restAPI.PostRequestWithJSONObject"/>
</testsuite> <!-- restAPI.PostRequestWithJSONObject -->
