<?xml version="1.0" encoding="UTF-8"?>
<!-- Generated by org.testng.reporters.JUnitReportReporter -->
<testsuite skipped="0" hostname="ip-172-31-18-198" name="RestAPIBDD.GetRequestBDD" tests="3" failures="0" timestamp="09 Jul 2023 04:30:49 GMT" time="2.108" errors="0">
  <testcase name="test1" time="2.031" classname="RestAPIBDD.GetRequestBDD"/>
  <testcase name="test2" time="0.053" classname="RestAPIBDD.GetRequestBDD"/>
  <testcase name="test3" time="0.024" classname="RestAPIBDD.GetRequestBDD"/>
</testsuite> <!-- RestAPIBDD.GetRequestBDD -->
