<?xml version="1.0" encoding="UTF-8"?>
<!-- Generated by org.testng.reporters.JUnitReportReporter -->
<testsuite skipped="0" hostname="ip-172-31-18-198" name="restAPI.DeleteRequest" tests="1" failures="0" timestamp="08 Jul 2023 06:01:08 GMT" time="1.339" errors="0">
  <testcase name="test1" time="1.339" classname="restAPI.DeleteRequest"/>
</testsuite> <!-- restAPI.DeleteRequest -->
